<?xml version="1.0" encoding="UTF-8"?>
<!-- Generated by org.testng.reporters.JUnitReportReporter -->
<testsuite hostname="DESKTOP-LCB9JBM" failures="0" tests="7" name="TestCasesPackage.TC_register_001" time="2.518" errors="0" timestamp="2023-03-03T10:00:43 IST" skipped="0">
  <testcase classname="TestCasesPackage.TC_register_001" name="reg" time="0.805"/>
  <system-out/>
  <testcase classname="TestCasesPackage.TC_register_001" name="lang" time="0.251"/>
  <system-out/>
  <testcase classname="TestCasesPackage.TC_register_001" name="skilldrop" time="0.226"/>
  <system-out/>
  <testcase classname="TestCasesPackage.TC_register_001" name="country" time="0.294"/>
  <system-out/>
  <testcase classname="TestCasesPackage.TC_register_001" name="dob" time="0.608"/>
  <system-out/>
  <testcase classname="TestCasesPackage.TC_register_001" name="passwordfun" time="0.244"/>
  <system-out/>
  <testcase classname="TestCasesPackage.TC_register_001" name="fileupload" time="0.090"/>
  <system-out/>
</testsuite> <!-- TestCasesPackage.TC_register_001 -->
